[    1975ms] [INFO] %cDownload the React DevTools for a better development experience: https://react.dev/link/react-devtools font-weight:bold @ http://localhost:3000/_next/static/chunks/1h0h_next_dist_2165rxv._.js:2477
[    2034ms] [LOG] [HMR] connected @ http://localhost:3000/_next/static/chunks/1h0h_next_dist_2165rxv._.js:2477
[    2225ms] [LOG] %c[Vercel Web Analytics]%c Debug mode is enabled by default in development. No requests will be sent to the server. color: rgb(120, 120, 120) color: inherit @ http://localhost:3000/_next/static/chunks/1h0h_next_dist_2165rxv._.js:2477
[    2225ms] [LOG] %c[Vercel Web Analytics]%c Running queued event color: rgb(120, 120, 120) color: inherit pageview {route: /, path: /} @ http://localhost:3000/_next/static/chunks/1h0h_next_dist_2165rxv._.js:2477
[    2225ms] [LOG] %c[Vercel Web Analytics]%c [view] http://localhost:3000/ color: rgb(120, 120, 120) color: inherit {o: http://localhost:3000/, sv: 0.1.3, sdkn: @vercel/analytics/next, sdkv: 1.6.1, ts: 1781636134413} /_vercel/insights/view @ http://localhost:3000/_next/static/chunks/1h0h_next_dist_2165rxv._.js:2477
[    2230ms] [LOG] %c[Vercel Speed Insights]%c Debug mode is enabled by default in development. No requests will be sent to the server. color: rgb(120, 120, 120) color: inherit @ http://localhost:3000/_next/static/chunks/1h0h_next_dist_2165rxv._.js:2477
[  100814ms] [LOG] [Fast Refresh] rebuilding @ http://localhost:3000/_next/static/chunks/1h0h_next_dist_2165rxv._.js:2477
[  100896ms] [LOG] [Fast Refresh] done in 61ms @ http://localhost:3000/_next/static/chunks/1h0h_next_dist_2165rxv._.js:2477
[  110294ms] [LOG] %c[Vercel Speed Insights]%c [vitals] color: rgb(120, 120, 120) color: inherit {speed: 4g, metrics: Array(3), scriptVersion: 0.1.3, sdkName: @vercel/speed-insights/next, sdkVersion: 1.3.1} /_vercel/speed-insights/vitals @ http://localhost:3000/_next/static/chunks/1h0h_next_dist_2165rxv._.js:2477
[  110295ms] [LOG] %c[Vercel Speed Insights]%c [vitals] color: rgb(120, 120, 120) color: inherit {speed: 4g, metrics: Array(1), scriptVersion: 0.1.3, sdkName: @vercel/speed-insights/next, sdkVersion: 1.3.1} /_vercel/speed-insights/vitals @ http://localhost:3000/_next/static/chunks/1h0h_next_dist_2165rxv._.js:2477
[  110332ms] [INFO] %cDownload the React DevTools for a better development experience: https://react.dev/link/react-devtools font-weight:bold @ http://localhost:3000/_next/static/chunks/1h0h_next_dist_2165rxv._.js:2477
[  110351ms] [LOG] [HMR] connected @ http://localhost:3000/_next/static/chunks/1h0h_next_dist_2165rxv._.js:2477
[  110411ms] [LOG] %c[Vercel Web Analytics]%c Debug mode is enabled by default in development. No requests will be sent to the server. color: rgb(120, 120, 120) color: inherit @ http://localhost:3000/_next/static/chunks/1h0h_next_dist_2165rxv._.js:2477
[  110411ms] [LOG] %c[Vercel Web Analytics]%c Running queued event color: rgb(120, 120, 120) color: inherit pageview {route: /, path: /} @ http://localhost:3000/_next/static/chunks/1h0h_next_dist_2165rxv._.js:2477
[  110412ms] [LOG] %c[Vercel Web Analytics]%c [view] http://localhost:3000/ color: rgb(120, 120, 120) color: inherit {o: http://localhost:3000/, sv: 0.1.3, sdkn: @vercel/analytics/next, sdkv: 1.6.1, ts: 1781636242599} /_vercel/insights/view @ http://localhost:3000/_next/static/chunks/1h0h_next_dist_2165rxv._.js:2477
[  110413ms] [LOG] %c[Vercel Speed Insights]%c Debug mode is enabled by default in development. No requests will be sent to the server. color: rgb(120, 120, 120) color: inherit @ http://localhost:3000/_next/static/chunks/1h0h_next_dist_2165rxv._.js:2477
[  121951ms] [LOG] %c[Vercel Web Analytics]%c [event] scroll_depth color: rgb(120, 120, 120) color: inherit {o: http://localhost:3000/, sv: 0.1.3, sdkn: @vercel/analytics/next, sdkv: 1.6.1, ts: 1781636254138} /_vercel/insights/event @ http://localhost:3000/_next/static/chunks/1h0h_next_dist_2165rxv._.js:2477
[  122091ms] [LOG] %c[Vercel Web Analytics]%c [event] scroll_depth color: rgb(120, 120, 120) color: inherit {o: http://localhost:3000/, sv: 0.1.3, sdkn: @vercel/analytics/next, sdkv: 1.6.1, ts: 1781636254278} /_vercel/insights/event @ http://localhost:3000/_next/static/chunks/1h0h_next_dist_2165rxv._.js:2477
[  122185ms] [LOG] %c[Vercel Web Analytics]%c [event] store_visit color: rgb(120, 120, 120) color: inherit {o: http://localhost:3000/, sv: 0.1.3, sdkn: @vercel/analytics/next, sdkv: 1.6.1, ts: 1781636254372} /_vercel/insights/event @ http://localhost:3000/_next/static/chunks/1h0h_next_dist_2165rxv._.js:2477
[  295852ms] [LOG] [Fast Refresh] rebuilding @ http://localhost:3000/_next/static/chunks/1h0h_next_dist_2165rxv._.js:2477
[  295884ms] [LOG] [Fast Refresh] done in 46ms @ http://localhost:3000/_next/static/chunks/1h0h_next_dist_2165rxv._.js:2477
[  346528ms] [LOG] [Fast Refresh] rebuilding @ http://localhost:3000/_next/static/chunks/1h0h_next_dist_2165rxv._.js:2477
[  346544ms] [LOG] [Fast Refresh] done in 61ms @ http://localhost:3000/_next/static/chunks/1h0h_next_dist_2165rxv._.js:2477
[  376244ms] [LOG] [Fast Refresh] rebuilding @ http://localhost:3000/_next/static/chunks/1h0h_next_dist_2165rxv._.js:2477
[  376351ms] [LOG] [Fast Refresh] done in 157ms @ http://localhost:3000/_next/static/chunks/1h0h_next_dist_2165rxv._.js:2477
