[       4ms] [LOG] %c[Vercel Speed Insights]%c [vitals] color: rgb(120, 120, 120) color: inherit {speed: 4g, metrics: Array(2), scriptVersion: 0.1.3, sdkName: @vercel/speed-insights/next, sdkVersion: 1.3.1} /_vercel/speed-insights/vitals @ http://localhost:3000/_next/static/chunks/1h0h_next_dist_2165rxv._.js:2477
[   16700ms] [LOG] %c[Vercel Speed Insights]%c [vitals] color: rgb(120, 120, 120) color: inherit {speed: 4g, metrics: Array(1), scriptVersion: 0.1.3, sdkName: @vercel/speed-insights/next, sdkVersion: 1.3.1} /_vercel/speed-insights/vitals @ http://localhost:3000/_next/static/chunks/1h0h_next_dist_2165rxv._.js:2477
[   16701ms] [LOG] %c[Vercel Speed Insights]%c [vitals] color: rgb(120, 120, 120) color: inherit {speed: 4g, metrics: Array(1), scriptVersion: 0.1.3, sdkName: @vercel/speed-insights/next, sdkVersion: 1.3.1} /_vercel/speed-insights/vitals @ http://localhost:3000/_next/static/chunks/1h0h_next_dist_2165rxv._.js:2477
[   16747ms] [INFO] %cDownload the React DevTools for a better development experience: https://react.dev/link/react-devtools font-weight:bold @ http://localhost:3000/_next/static/chunks/1h0h_next_dist_2165rxv._.js:2477
[   16767ms] [LOG] [HMR] connected @ http://localhost:3000/_next/static/chunks/1h0h_next_dist_2165rxv._.js:2477
[   16827ms] [WARNING] Image with src "/assets/merch/lqmqo-tee.jpg" was detected as the Largest Contentful Paint (LCP). Please add the `loading="eager"` property if this image is above the fold.
Read more: https://nextjs.org/docs/app/api-reference/components/image#loading @ http://localhost:3000/_next/static/chunks/1h0h_next_dist_2165rxv._.js:2477
[   16841ms] [LOG] %c[Vercel Web Analytics]%c Debug mode is enabled by default in development. No requests will be sent to the server. color: rgb(120, 120, 120) color: inherit @ http://localhost:3000/_next/static/chunks/1h0h_next_dist_2165rxv._.js:2477
[   16841ms] [LOG] %c[Vercel Web Analytics]%c Running queued event color: rgb(120, 120, 120) color: inherit pageview {route: /, path: /} @ http://localhost:3000/_next/static/chunks/1h0h_next_dist_2165rxv._.js:2477
[   16841ms] [LOG] %c[Vercel Web Analytics]%c [view] http://localhost:3000/#tienda color: rgb(120, 120, 120) color: inherit {o: http://localhost:3000/#tienda, sv: 0.1.3, sdkn: @vercel/analytics/next, sdkv: 1.6.1, ts: 1781636620345} /_vercel/insights/view @ http://localhost:3000/_next/static/chunks/1h0h_next_dist_2165rxv._.js:2477
[   16842ms] [LOG] %c[Vercel Speed Insights]%c Debug mode is enabled by default in development. No requests will be sent to the server. color: rgb(120, 120, 120) color: inherit @ http://localhost:3000/_next/static/chunks/1h0h_next_dist_2165rxv._.js:2477
[   16847ms] [LOG] %c[Vercel Web Analytics]%c [event] store_visit color: rgb(120, 120, 120) color: inherit {o: http://localhost:3000/#tienda, sv: 0.1.3, sdkn: @vercel/analytics/next, sdkv: 1.6.1, ts: 1781636620350} /_vercel/insights/event @ http://localhost:3000/_next/static/chunks/1h0h_next_dist_2165rxv._.js:2477
[   17158ms] [LOG] %c[Vercel Web Analytics]%c [event] game_start color: rgb(120, 120, 120) color: inherit {o: http://localhost:3000/#tienda, sv: 0.1.3, sdkn: @vercel/analytics/next, sdkv: 1.6.1, ts: 1781636620660} /_vercel/insights/event @ http://localhost:3000/_next/static/chunks/1h0h_next_dist_2165rxv._.js:2477
[   17158ms] [LOG] %c[Vercel Web Analytics]%c [event] game_start color: rgb(120, 120, 120) color: inherit {o: http://localhost:3000/#tienda, sv: 0.1.3, sdkn: @vercel/analytics/next, sdkv: 1.6.1, ts: 1781636620661} /_vercel/insights/event @ http://localhost:3000/_next/static/chunks/1h0h_next_dist_2165rxv._.js:2477
[   30912ms] [LOG] %c[Vercel Web Analytics]%c [event] merch_item_view color: rgb(120, 120, 120) color: inherit {o: http://localhost:3000/#tienda, sv: 0.1.3, sdkn: @vercel/analytics/next, sdkv: 1.6.1, ts: 1781636634415} /_vercel/insights/event @ http://localhost:3000/_next/static/chunks/1h0h_next_dist_2165rxv._.js:2477
[   57915ms] [LOG] %c[Vercel Web Analytics]%c [event] merch_buy_click color: rgb(120, 120, 120) color: inherit {o: http://localhost:3000/#tienda, sv: 0.1.3, sdkn: @vercel/analytics/next, sdkv: 1.6.1, ts: 1781636661416} /_vercel/insights/event @ http://localhost:3000/_next/static/chunks/1h0h_next_dist_2165rxv._.js:2477
[   86509ms] [LOG] [Fast Refresh] rebuilding @ http://localhost:3000/_next/static/chunks/1h0h_next_dist_2165rxv._.js:2477
[   86539ms] [LOG] [Fast Refresh] done in 33ms @ http://localhost:3000/_next/static/chunks/1h0h_next_dist_2165rxv._.js:2477
[  113703ms] [LOG] [Fast Refresh] rebuilding @ http://localhost:3000/_next/static/chunks/1h0h_next_dist_2165rxv._.js:2477
[  116381ms] [ERROR] Failed to load resource: net::ERR_CONNECTION_REFUSED @ http://localhost:3000/__nextjs_font/geist-latin.woff2:0
[  117128ms] [ERROR] WebSocket connection to 'ws://localhost:3000/_next/webpack-hmr?id=egJQbAevKgnYEENjIQlSo' failed: Error in connection establishment: net::ERR_CONNECTION_REFUSED @ http://localhost:3000/_next/static/chunks/1h0h_next_dist_client_0h59rmn._.js:13422
[  120475ms] [ERROR] WebSocket connection to 'ws://localhost:3000/_next/webpack-hmr?id=egJQbAevKgnYEENjIQlSo' failed: Error in connection establishment: net::ERR_CONNECTION_REFUSED @ http://localhost:3000/_next/static/chunks/1h0h_next_dist_client_0h59rmn._.js:13422
[  123838ms] [ERROR] WebSocket connection to 'ws://localhost:3000/_next/webpack-hmr?id=egJQbAevKgnYEENjIQlSo' failed: Error in connection establishment: net::ERR_CONNECTION_REFUSED @ http://localhost:3000/_next/static/chunks/1h0h_next_dist_client_0h59rmn._.js:13422
[  127185ms] [ERROR] WebSocket connection to 'ws://localhost:3000/_next/webpack-hmr?id=egJQbAevKgnYEENjIQlSo' failed: Error in connection establishment: net::ERR_CONNECTION_REFUSED @ http://localhost:3000/_next/static/chunks/1h0h_next_dist_client_0h59rmn._.js:13422
[  130544ms] [ERROR] WebSocket connection to 'ws://localhost:3000/_next/webpack-hmr?id=egJQbAevKgnYEENjIQlSo' failed: Error in connection establishment: net::ERR_CONNECTION_REFUSED @ http://localhost:3000/_next/static/chunks/1h0h_next_dist_client_0h59rmn._.js:13422
[  137912ms] [ERROR] WebSocket connection to 'ws://localhost:3000/_next/webpack-hmr?id=egJQbAevKgnYEENjIQlSo' failed: Error in connection establishment: net::ERR_CONNECTION_REFUSED @ http://localhost:3000/_next/static/chunks/1h0h_next_dist_client_0h59rmn._.js:13422
[  145272ms] [ERROR] WebSocket connection to 'ws://localhost:3000/_next/webpack-hmr?id=egJQbAevKgnYEENjIQlSo' failed: Error in connection establishment: net::ERR_CONNECTION_REFUSED @ http://localhost:3000/_next/static/chunks/1h0h_next_dist_client_0h59rmn._.js:13422
[  152626ms] [ERROR] WebSocket connection to 'ws://localhost:3000/_next/webpack-hmr?id=egJQbAevKgnYEENjIQlSo' failed: Error in connection establishment: net::ERR_CONNECTION_REFUSED @ http://localhost:3000/_next/static/chunks/1h0h_next_dist_client_0h59rmn._.js:13422
[  159985ms] [ERROR] WebSocket connection to 'ws://localhost:3000/_next/webpack-hmr?id=egJQbAevKgnYEENjIQlSo' failed: Error in connection establishment: net::ERR_CONNECTION_REFUSED @ http://localhost:3000/_next/static/chunks/1h0h_next_dist_client_0h59rmn._.js:13422
[  167346ms] [ERROR] WebSocket connection to 'ws://localhost:3000/_next/webpack-hmr?id=egJQbAevKgnYEENjIQlSo' failed: Error in connection establishment: net::ERR_CONNECTION_REFUSED @ http://localhost:3000/_next/static/chunks/1h0h_next_dist_client_0h59rmn._.js:13422
[  174707ms] [ERROR] WebSocket connection to 'ws://localhost:3000/_next/webpack-hmr?id=egJQbAevKgnYEENjIQlSo' failed: Error in connection establishment: net::ERR_CONNECTION_REFUSED @ http://localhost:3000/_next/static/chunks/1h0h_next_dist_client_0h59rmn._.js:13422
[  182077ms] [ERROR] WebSocket connection to 'ws://localhost:3000/_next/webpack-hmr?id=egJQbAevKgnYEENjIQlSo' failed: Error in connection establishment: net::ERR_CONNECTION_REFUSED @ http://localhost:3000/_next/static/chunks/1h0h_next_dist_client_0h59rmn._.js:13422
